[INFO] [01:59:06] [Logger] Began logging on file logs/10-10-20-01-59-06.log 
[INFO] [01:59:06] [SpongeGame] Initializing Game 
[DEBUG] [01:59:06] [CommonAssets] Loading light textures 
[DEBUG] [01:59:06] [CommonAssets] Loading shader passthrough 
[DEBUG] [01:59:06] [CommonAssets] Loading shader invert 
[DEBUG] [01:59:06] [CommonAssets] Loading shader greyscale 
[DEBUG] [01:59:06] [CommonAssets] Loading shader simpleblur 
[DEBUG] [01:59:06] [CommonAssets] Loaded Common Assets 
[DEBUG] [01:59:06] [CommonAssets] Filling fields of CommonAssets 
[ERROR] [01:59:06] [CommonAssets] Failed to compile shader! Fragment shader:
ERROR: 0:34: 'assign' :  cannot convert from '4-component vector of highp float' to '3-component vector of highp float'

 
[DEBUG] [01:59:06] [SceneAssets] Loading textures for test 
[DEBUG] [01:59:06] [SceneAssets] Loading Texture test/texture/hello.png for test 
[DEBUG] [01:59:06] [SceneAssets] Loading Texture Atlas test/texture/player.atlas for test 
[DEBUG] [01:59:06] [SceneAssets] Loading Texture test/texture/player.png for test 
[DEBUG] [01:59:06] [SceneAssets] Loading animations for test 
[DEBUG] [01:59:06] [SceneAssets] Found Animation-Nodes File test/animation/player.animnodes 
[DEBUG] [01:59:06] [SceneAssets] Loading SAnimation test/animation/player.sanim 
[DEBUG] [01:59:06] [SceneAssets] Loading Animation Nodes 
[DEBUG] [01:59:06] [SceneAssets] Loading Animation Node test/animation/player.animnodes for test 
[DEBUG] [01:59:06] [SceneAssets] Loading sounds for test 
[DEBUG] [01:59:06] [SceneAssets] Calling AssetManager.finishLoading for test 
[DEBUG] [01:59:06] [SceneAssets] Parsing animations for test 
[DEBUG] [01:59:09] [SpongeGame] Disposing Game 
[DEBUG] [01:59:09] [SceneAssets] Unloading Scene test 
[DEBUG] [01:59:09] [SceneAssets] Unload Textures for test 
[DEBUG] [01:59:09] [SceneAssets] Unloading Texture test/texture/hello.png 
[DEBUG] [01:59:09] [SceneAssets] Unloading Texture test/texture/player.atlas 
[DEBUG] [01:59:09] [SceneAssets] Unloading Texture test/texture/player.png 
[DEBUG] [01:59:09] [SceneAssets] Unloading SAnimations for test 
[DEBUG] [01:59:09] [CommonAssets] Unloading light textures 
[DEBUG] [01:59:09] [CommonAssets] Unloading shader passthrough 
[DEBUG] [01:59:09] [CommonAssets] Unloading shader invert 
[DEBUG] [01:59:09] [CommonAssets] Unloading shader greyscale 
[DEBUG] [01:59:09] [CommonAssets] Unloading shader simpleblur 
[DEBUG] [01:59:09] [CommonAssets] Unloaded Common Assets 
