[INFO] [22:51:09] [Logger] Began logging on file logs/10-10-20-22-51-09.log 
[INFO] [22:51:09] [SpongeGame] Initializing Game 
[DEBUG] [22:51:09] [CommonAssets] Loading light textures 
[DEBUG] [22:51:09] [CommonAssets] Loading shader passthrough 
[DEBUG] [22:51:09] [CommonAssets] Loading shader invert 
[DEBUG] [22:51:09] [CommonAssets] Loading shader greyscale 
[DEBUG] [22:51:09] [CommonAssets] Loading shader blur_horizontal 
[DEBUG] [22:51:09] [CommonAssets] Loading shader blur_vertical 
[DEBUG] [22:51:09] [CommonAssets] Loaded Common Assets 
[DEBUG] [22:51:09] [CommonAssets] Filling fields of CommonAssets 
[DEBUG] [22:51:09] [SceneAssets] Loading textures for test 
[DEBUG] [22:51:09] [SceneAssets] Loading Texture test/texture/hello.png for test 
[DEBUG] [22:51:09] [SceneAssets] Loading Texture Atlas test/texture/player.atlas for test 
[DEBUG] [22:51:09] [SceneAssets] Loading Texture test/texture/player.png for test 
[DEBUG] [22:51:09] [SceneAssets] Loading animations for test 
[DEBUG] [22:51:09] [SceneAssets] Found Animation-Nodes File test/animation/player.animnodes 
[DEBUG] [22:51:09] [SceneAssets] Loading SAnimation test/animation/player.sanim 
[DEBUG] [22:51:09] [SceneAssets] Loading Animation Nodes 
[DEBUG] [22:51:09] [SceneAssets] Loading Animation Node test/animation/player.animnodes for test 
[DEBUG] [22:51:09] [SceneAssets] Loading sounds for test 
[DEBUG] [22:51:09] [SceneAssets] Calling AssetManager.finishLoading for test 
[DEBUG] [22:51:09] [SceneAssets] Parsing animations for test 
[DEBUG] [22:52:06] [SpongeGame] Disposing Game 
[DEBUG] [22:52:06] [SceneAssets] Unloading Scene test 
[DEBUG] [22:52:06] [SceneAssets] Unload Textures for test 
[DEBUG] [22:52:06] [SceneAssets] Unloading Texture test/texture/hello.png 
[DEBUG] [22:52:06] [SceneAssets] Unloading Texture test/texture/player.atlas 
[DEBUG] [22:52:06] [SceneAssets] Unloading Texture test/texture/player.png 
[DEBUG] [22:52:06] [SceneAssets] Unloading SAnimations for test 
[DEBUG] [22:52:06] [CommonAssets] Unloading light textures 
[DEBUG] [22:52:06] [CommonAssets] Unloading shader passthrough 
[DEBUG] [22:52:06] [CommonAssets] Unloading shader invert 
[DEBUG] [22:52:06] [CommonAssets] Unloading shader greyscale 
[DEBUG] [22:52:06] [CommonAssets] Unloading shader blur_horizontal 
[DEBUG] [22:52:06] [CommonAssets] Unloading shader blur_vertical 
[DEBUG] [22:52:06] [CommonAssets] Unloaded Common Assets 
